[2023-08-01 11:57:28,828] {scheduler_job.py:182} INFO - Started process (PID=21) to work on /opt/airflow/dags/data_ingestion_dag/main.py
[2023-08-01 11:57:28,832] {scheduler_job.py:633} INFO - Processing file /opt/airflow/dags/data_ingestion_dag/main.py for tasks to queue
[2023-08-01 11:57:28,834] {logging_mixin.py:104} INFO - [2023-08-01 11:57:28,834] {dagbag.py:496} INFO - Filling up the DagBag from /opt/airflow/dags/data_ingestion_dag/main.py
[2023-08-01 11:57:32,028] {scheduler_job.py:643} INFO - DAG(s) dict_keys(['booking_ingestion']) retrieved from /opt/airflow/dags/data_ingestion_dag/main.py
[2023-08-01 11:57:32,073] {logging_mixin.py:104} INFO - [2023-08-01 11:57:32,072] {dag.py:1833} INFO - Sync 1 DAGs
[2023-08-01 11:57:32,106] {logging_mixin.py:104} INFO - [2023-08-01 11:57:32,106] {dag.py:2306} INFO - Setting next_dagrun for booking_ingestion to 2023-07-31 11:57:32.105910+00:00
[2023-08-01 11:57:32,180] {scheduler_job.py:190} INFO - Processing /opt/airflow/dags/data_ingestion_dag/main.py took 3.360 seconds
[2023-08-01 11:58:02,303] {scheduler_job.py:182} INFO - Started process (PID=29) to work on /opt/airflow/dags/data_ingestion_dag/main.py
[2023-08-01 11:58:02,307] {scheduler_job.py:633} INFO - Processing file /opt/airflow/dags/data_ingestion_dag/main.py for tasks to queue
[2023-08-01 11:58:02,309] {logging_mixin.py:104} INFO - [2023-08-01 11:58:02,309] {dagbag.py:496} INFO - Filling up the DagBag from /opt/airflow/dags/data_ingestion_dag/main.py
[2023-08-01 11:58:03,713] {scheduler_job.py:643} INFO - DAG(s) dict_keys(['booking_ingestion']) retrieved from /opt/airflow/dags/data_ingestion_dag/main.py
[2023-08-01 11:58:03,738] {logging_mixin.py:104} INFO - [2023-08-01 11:58:03,737] {dag.py:1833} INFO - Sync 1 DAGs
[2023-08-01 11:58:03,761] {logging_mixin.py:104} INFO - [2023-08-01 11:58:03,761] {dag.py:2306} INFO - Setting next_dagrun for booking_ingestion to 2023-07-31 11:58:03.761358+00:00
[2023-08-01 11:58:04,134] {scheduler_job.py:190} INFO - Processing /opt/airflow/dags/data_ingestion_dag/main.py took 1.840 seconds
[2023-08-01 11:58:35,098] {scheduler_job.py:182} INFO - Started process (PID=37) to work on /opt/airflow/dags/data_ingestion_dag/main.py
[2023-08-01 11:58:35,103] {scheduler_job.py:633} INFO - Processing file /opt/airflow/dags/data_ingestion_dag/main.py for tasks to queue
[2023-08-01 11:58:35,107] {logging_mixin.py:104} INFO - [2023-08-01 11:58:35,106] {dagbag.py:496} INFO - Filling up the DagBag from /opt/airflow/dags/data_ingestion_dag/main.py
[2023-08-01 11:58:35,783] {scheduler_job.py:643} INFO - DAG(s) dict_keys(['booking_ingestion']) retrieved from /opt/airflow/dags/data_ingestion_dag/main.py
[2023-08-01 11:58:35,817] {logging_mixin.py:104} INFO - [2023-08-01 11:58:35,816] {dag.py:1833} INFO - Sync 1 DAGs
[2023-08-01 11:58:35,835] {logging_mixin.py:104} INFO - [2023-08-01 11:58:35,835] {dag.py:2306} INFO - Setting next_dagrun for booking_ingestion to 2023-07-31 11:58:35.835620+00:00
[2023-08-01 11:58:35,883] {scheduler_job.py:190} INFO - Processing /opt/airflow/dags/data_ingestion_dag/main.py took 0.795 seconds
[2023-08-01 11:59:06,890] {scheduler_job.py:182} INFO - Started process (PID=45) to work on /opt/airflow/dags/data_ingestion_dag/main.py
[2023-08-01 11:59:06,895] {scheduler_job.py:633} INFO - Processing file /opt/airflow/dags/data_ingestion_dag/main.py for tasks to queue
[2023-08-01 11:59:06,897] {logging_mixin.py:104} INFO - [2023-08-01 11:59:06,897] {dagbag.py:496} INFO - Filling up the DagBag from /opt/airflow/dags/data_ingestion_dag/main.py
[2023-08-01 11:59:07,538] {scheduler_job.py:643} INFO - DAG(s) dict_keys(['booking_ingestion']) retrieved from /opt/airflow/dags/data_ingestion_dag/main.py
[2023-08-01 11:59:07,560] {logging_mixin.py:104} INFO - [2023-08-01 11:59:07,560] {dag.py:1833} INFO - Sync 1 DAGs
[2023-08-01 11:59:07,578] {logging_mixin.py:104} INFO - [2023-08-01 11:59:07,578] {dag.py:2306} INFO - Setting next_dagrun for booking_ingestion to 2023-07-31 11:59:07.578647+00:00
[2023-08-01 11:59:07,646] {scheduler_job.py:190} INFO - Processing /opt/airflow/dags/data_ingestion_dag/main.py took 0.766 seconds
[2023-08-01 11:59:38,577] {scheduler_job.py:182} INFO - Started process (PID=53) to work on /opt/airflow/dags/data_ingestion_dag/main.py
[2023-08-01 11:59:38,584] {scheduler_job.py:633} INFO - Processing file /opt/airflow/dags/data_ingestion_dag/main.py for tasks to queue
[2023-08-01 11:59:38,588] {logging_mixin.py:104} INFO - [2023-08-01 11:59:38,587] {dagbag.py:496} INFO - Filling up the DagBag from /opt/airflow/dags/data_ingestion_dag/main.py
[2023-08-01 11:59:39,263] {scheduler_job.py:643} INFO - DAG(s) dict_keys(['booking_ingestion']) retrieved from /opt/airflow/dags/data_ingestion_dag/main.py
[2023-08-01 11:59:39,292] {logging_mixin.py:104} INFO - [2023-08-01 11:59:39,292] {dag.py:1833} INFO - Sync 1 DAGs
[2023-08-01 11:59:39,316] {logging_mixin.py:104} INFO - [2023-08-01 11:59:39,316] {dag.py:2306} INFO - Setting next_dagrun for booking_ingestion to 2023-07-31 11:59:39.316634+00:00
[2023-08-01 11:59:39,385] {scheduler_job.py:190} INFO - Processing /opt/airflow/dags/data_ingestion_dag/main.py took 0.820 seconds
[2023-08-01 12:00:10,374] {scheduler_job.py:182} INFO - Started process (PID=61) to work on /opt/airflow/dags/data_ingestion_dag/main.py
[2023-08-01 12:00:10,378] {scheduler_job.py:633} INFO - Processing file /opt/airflow/dags/data_ingestion_dag/main.py for tasks to queue
[2023-08-01 12:00:10,381] {logging_mixin.py:104} INFO - [2023-08-01 12:00:10,381] {dagbag.py:496} INFO - Filling up the DagBag from /opt/airflow/dags/data_ingestion_dag/main.py
[2023-08-01 12:00:11,040] {scheduler_job.py:643} INFO - DAG(s) dict_keys(['booking_ingestion']) retrieved from /opt/airflow/dags/data_ingestion_dag/main.py
[2023-08-01 12:00:11,069] {logging_mixin.py:104} INFO - [2023-08-01 12:00:11,069] {dag.py:1833} INFO - Sync 1 DAGs
[2023-08-01 12:00:11,089] {logging_mixin.py:104} INFO - [2023-08-01 12:00:11,089] {dag.py:2306} INFO - Setting next_dagrun for booking_ingestion to 2023-07-31 12:00:11.088884+00:00
[2023-08-01 12:00:11,192] {scheduler_job.py:190} INFO - Processing /opt/airflow/dags/data_ingestion_dag/main.py took 0.828 seconds
[2023-08-01 12:00:42,404] {scheduler_job.py:182} INFO - Started process (PID=69) to work on /opt/airflow/dags/data_ingestion_dag/main.py
[2023-08-01 12:00:42,409] {scheduler_job.py:633} INFO - Processing file /opt/airflow/dags/data_ingestion_dag/main.py for tasks to queue
[2023-08-01 12:00:42,414] {logging_mixin.py:104} INFO - [2023-08-01 12:00:42,413] {dagbag.py:496} INFO - Filling up the DagBag from /opt/airflow/dags/data_ingestion_dag/main.py
[2023-08-01 12:00:43,004] {scheduler_job.py:643} INFO - DAG(s) dict_keys(['booking_ingestion']) retrieved from /opt/airflow/dags/data_ingestion_dag/main.py
[2023-08-01 12:00:43,042] {logging_mixin.py:104} INFO - [2023-08-01 12:00:43,042] {dag.py:1833} INFO - Sync 1 DAGs
[2023-08-01 12:00:43,097] {logging_mixin.py:104} INFO - [2023-08-01 12:00:43,097] {dag.py:2306} INFO - Setting next_dagrun for booking_ingestion to 2023-07-31 12:00:43.096812+00:00
[2023-08-01 12:00:43,179] {scheduler_job.py:190} INFO - Processing /opt/airflow/dags/data_ingestion_dag/main.py took 0.786 seconds
[2023-08-01 12:01:14,430] {scheduler_job.py:182} INFO - Started process (PID=77) to work on /opt/airflow/dags/data_ingestion_dag/main.py
[2023-08-01 12:01:14,435] {scheduler_job.py:633} INFO - Processing file /opt/airflow/dags/data_ingestion_dag/main.py for tasks to queue
[2023-08-01 12:01:14,439] {logging_mixin.py:104} INFO - [2023-08-01 12:01:14,438] {dagbag.py:496} INFO - Filling up the DagBag from /opt/airflow/dags/data_ingestion_dag/main.py
[2023-08-01 12:01:15,177] {scheduler_job.py:643} INFO - DAG(s) dict_keys(['booking_ingestion']) retrieved from /opt/airflow/dags/data_ingestion_dag/main.py
[2023-08-01 12:01:15,201] {logging_mixin.py:104} INFO - [2023-08-01 12:01:15,201] {dag.py:1833} INFO - Sync 1 DAGs
[2023-08-01 12:01:15,228] {logging_mixin.py:104} INFO - [2023-08-01 12:01:15,228] {dag.py:2306} INFO - Setting next_dagrun for booking_ingestion to 2023-07-31 12:01:15.228344+00:00
[2023-08-01 12:01:15,307] {scheduler_job.py:190} INFO - Processing /opt/airflow/dags/data_ingestion_dag/main.py took 0.889 seconds
[2023-08-01 12:01:45,495] {scheduler_job.py:182} INFO - Started process (PID=85) to work on /opt/airflow/dags/data_ingestion_dag/main.py
[2023-08-01 12:01:45,498] {scheduler_job.py:633} INFO - Processing file /opt/airflow/dags/data_ingestion_dag/main.py for tasks to queue
[2023-08-01 12:01:45,502] {logging_mixin.py:104} INFO - [2023-08-01 12:01:45,502] {dagbag.py:496} INFO - Filling up the DagBag from /opt/airflow/dags/data_ingestion_dag/main.py
[2023-08-01 12:01:46,324] {scheduler_job.py:643} INFO - DAG(s) dict_keys(['booking_ingestion']) retrieved from /opt/airflow/dags/data_ingestion_dag/main.py
[2023-08-01 12:01:46,352] {logging_mixin.py:104} INFO - [2023-08-01 12:01:46,351] {dag.py:1833} INFO - Sync 1 DAGs
[2023-08-01 12:01:46,375] {logging_mixin.py:104} INFO - [2023-08-01 12:01:46,374] {dag.py:2306} INFO - Setting next_dagrun for booking_ingestion to 2023-07-31 12:01:46.374746+00:00
[2023-08-01 12:01:46,444] {scheduler_job.py:190} INFO - Processing /opt/airflow/dags/data_ingestion_dag/main.py took 0.953 seconds
[2023-08-01 12:02:17,584] {scheduler_job.py:182} INFO - Started process (PID=93) to work on /opt/airflow/dags/data_ingestion_dag/main.py
[2023-08-01 12:02:17,587] {scheduler_job.py:633} INFO - Processing file /opt/airflow/dags/data_ingestion_dag/main.py for tasks to queue
[2023-08-01 12:02:17,589] {logging_mixin.py:104} INFO - [2023-08-01 12:02:17,589] {dagbag.py:496} INFO - Filling up the DagBag from /opt/airflow/dags/data_ingestion_dag/main.py
[2023-08-01 12:02:18,314] {scheduler_job.py:643} INFO - DAG(s) dict_keys(['booking_ingestion']) retrieved from /opt/airflow/dags/data_ingestion_dag/main.py
[2023-08-01 12:02:18,344] {logging_mixin.py:104} INFO - [2023-08-01 12:02:18,344] {dag.py:1833} INFO - Sync 1 DAGs
[2023-08-01 12:02:18,366] {logging_mixin.py:104} INFO - [2023-08-01 12:02:18,366] {dag.py:2306} INFO - Setting next_dagrun for booking_ingestion to 2023-07-31 12:02:18.366099+00:00
[2023-08-01 12:02:18,431] {scheduler_job.py:190} INFO - Processing /opt/airflow/dags/data_ingestion_dag/main.py took 0.853 seconds
[2023-08-01 12:02:48,926] {scheduler_job.py:182} INFO - Started process (PID=101) to work on /opt/airflow/dags/data_ingestion_dag/main.py
[2023-08-01 12:02:48,931] {scheduler_job.py:633} INFO - Processing file /opt/airflow/dags/data_ingestion_dag/main.py for tasks to queue
[2023-08-01 12:02:48,942] {logging_mixin.py:104} INFO - [2023-08-01 12:02:48,939] {dagbag.py:496} INFO - Filling up the DagBag from /opt/airflow/dags/data_ingestion_dag/main.py
[2023-08-01 12:02:49,790] {scheduler_job.py:643} INFO - DAG(s) dict_keys(['booking_ingestion']) retrieved from /opt/airflow/dags/data_ingestion_dag/main.py
[2023-08-01 12:02:49,823] {logging_mixin.py:104} INFO - [2023-08-01 12:02:49,822] {dag.py:1833} INFO - Sync 1 DAGs
[2023-08-01 12:02:49,847] {logging_mixin.py:104} INFO - [2023-08-01 12:02:49,847] {dag.py:2306} INFO - Setting next_dagrun for booking_ingestion to 2023-07-31 12:02:49.847320+00:00
[2023-08-01 12:02:49,913] {scheduler_job.py:190} INFO - Processing /opt/airflow/dags/data_ingestion_dag/main.py took 1.005 seconds
[2023-08-01 12:03:20,424] {scheduler_job.py:182} INFO - Started process (PID=109) to work on /opt/airflow/dags/data_ingestion_dag/main.py
[2023-08-01 12:03:20,430] {scheduler_job.py:633} INFO - Processing file /opt/airflow/dags/data_ingestion_dag/main.py for tasks to queue
[2023-08-01 12:03:20,434] {logging_mixin.py:104} INFO - [2023-08-01 12:03:20,434] {dagbag.py:496} INFO - Filling up the DagBag from /opt/airflow/dags/data_ingestion_dag/main.py
[2023-08-01 12:03:21,403] {scheduler_job.py:643} INFO - DAG(s) dict_keys(['booking_ingestion']) retrieved from /opt/airflow/dags/data_ingestion_dag/main.py
[2023-08-01 12:03:21,438] {logging_mixin.py:104} INFO - [2023-08-01 12:03:21,438] {dag.py:1833} INFO - Sync 1 DAGs
[2023-08-01 12:03:21,469] {logging_mixin.py:104} INFO - [2023-08-01 12:03:21,469] {dag.py:2306} INFO - Setting next_dagrun for booking_ingestion to 2023-07-31 12:03:21.469465+00:00
[2023-08-01 12:03:21,535] {scheduler_job.py:190} INFO - Processing /opt/airflow/dags/data_ingestion_dag/main.py took 1.134 seconds
[2023-08-01 12:03:51,942] {scheduler_job.py:182} INFO - Started process (PID=117) to work on /opt/airflow/dags/data_ingestion_dag/main.py
[2023-08-01 12:03:51,944] {scheduler_job.py:633} INFO - Processing file /opt/airflow/dags/data_ingestion_dag/main.py for tasks to queue
[2023-08-01 12:03:51,945] {logging_mixin.py:104} INFO - [2023-08-01 12:03:51,945] {dagbag.py:496} INFO - Filling up the DagBag from /opt/airflow/dags/data_ingestion_dag/main.py
[2023-08-01 12:03:52,782] {scheduler_job.py:643} INFO - DAG(s) dict_keys(['booking_ingestion']) retrieved from /opt/airflow/dags/data_ingestion_dag/main.py
[2023-08-01 12:03:52,845] {logging_mixin.py:104} INFO - [2023-08-01 12:03:52,844] {dag.py:1833} INFO - Sync 1 DAGs
[2023-08-01 12:03:52,894] {logging_mixin.py:104} INFO - [2023-08-01 12:03:52,894] {dag.py:2306} INFO - Setting next_dagrun for booking_ingestion to 2023-07-31 12:03:52.893886+00:00
[2023-08-01 12:03:52,979] {scheduler_job.py:190} INFO - Processing /opt/airflow/dags/data_ingestion_dag/main.py took 1.048 seconds
[2023-08-01 12:04:23,391] {scheduler_job.py:182} INFO - Started process (PID=125) to work on /opt/airflow/dags/data_ingestion_dag/main.py
[2023-08-01 12:04:23,397] {scheduler_job.py:633} INFO - Processing file /opt/airflow/dags/data_ingestion_dag/main.py for tasks to queue
[2023-08-01 12:04:23,400] {logging_mixin.py:104} INFO - [2023-08-01 12:04:23,400] {dagbag.py:496} INFO - Filling up the DagBag from /opt/airflow/dags/data_ingestion_dag/main.py
[2023-08-01 12:04:24,099] {scheduler_job.py:643} INFO - DAG(s) dict_keys(['booking_ingestion']) retrieved from /opt/airflow/dags/data_ingestion_dag/main.py
[2023-08-01 12:04:24,124] {logging_mixin.py:104} INFO - [2023-08-01 12:04:24,124] {dag.py:1833} INFO - Sync 1 DAGs
[2023-08-01 12:04:24,143] {logging_mixin.py:104} INFO - [2023-08-01 12:04:24,143] {dag.py:2306} INFO - Setting next_dagrun for booking_ingestion to 2023-07-31 12:04:24.143488+00:00
[2023-08-01 12:04:24,216] {scheduler_job.py:190} INFO - Processing /opt/airflow/dags/data_ingestion_dag/main.py took 0.837 seconds
[2023-08-01 12:04:54,678] {scheduler_job.py:182} INFO - Started process (PID=133) to work on /opt/airflow/dags/data_ingestion_dag/main.py
[2023-08-01 12:04:54,681] {scheduler_job.py:633} INFO - Processing file /opt/airflow/dags/data_ingestion_dag/main.py for tasks to queue
[2023-08-01 12:04:54,682] {logging_mixin.py:104} INFO - [2023-08-01 12:04:54,682] {dagbag.py:496} INFO - Filling up the DagBag from /opt/airflow/dags/data_ingestion_dag/main.py
[2023-08-01 12:04:55,305] {scheduler_job.py:643} INFO - DAG(s) dict_keys(['booking_ingestion']) retrieved from /opt/airflow/dags/data_ingestion_dag/main.py
[2023-08-01 12:04:55,345] {logging_mixin.py:104} INFO - [2023-08-01 12:04:55,345] {dag.py:1833} INFO - Sync 1 DAGs
[2023-08-01 12:04:55,370] {logging_mixin.py:104} INFO - [2023-08-01 12:04:55,370] {dag.py:2306} INFO - Setting next_dagrun for booking_ingestion to 2023-07-31 12:04:55.370485+00:00
[2023-08-01 12:04:55,913] {scheduler_job.py:190} INFO - Processing /opt/airflow/dags/data_ingestion_dag/main.py took 1.239 seconds
[2023-08-01 12:05:26,319] {scheduler_job.py:182} INFO - Started process (PID=141) to work on /opt/airflow/dags/data_ingestion_dag/main.py
[2023-08-01 12:05:26,323] {scheduler_job.py:633} INFO - Processing file /opt/airflow/dags/data_ingestion_dag/main.py for tasks to queue
[2023-08-01 12:05:26,326] {logging_mixin.py:104} INFO - [2023-08-01 12:05:26,326] {dagbag.py:496} INFO - Filling up the DagBag from /opt/airflow/dags/data_ingestion_dag/main.py
[2023-08-01 12:05:26,902] {scheduler_job.py:643} INFO - DAG(s) dict_keys(['booking_ingestion']) retrieved from /opt/airflow/dags/data_ingestion_dag/main.py
[2023-08-01 12:05:26,926] {logging_mixin.py:104} INFO - [2023-08-01 12:05:26,925] {dag.py:1833} INFO - Sync 1 DAGs
[2023-08-01 12:05:26,942] {logging_mixin.py:104} INFO - [2023-08-01 12:05:26,942] {dag.py:2306} INFO - Setting next_dagrun for booking_ingestion to 2023-07-31 12:05:26.942465+00:00
[2023-08-01 12:05:26,994] {scheduler_job.py:190} INFO - Processing /opt/airflow/dags/data_ingestion_dag/main.py took 0.684 seconds
[2023-08-01 12:05:57,394] {scheduler_job.py:182} INFO - Started process (PID=149) to work on /opt/airflow/dags/data_ingestion_dag/main.py
[2023-08-01 12:05:57,398] {scheduler_job.py:633} INFO - Processing file /opt/airflow/dags/data_ingestion_dag/main.py for tasks to queue
[2023-08-01 12:05:57,401] {logging_mixin.py:104} INFO - [2023-08-01 12:05:57,401] {dagbag.py:496} INFO - Filling up the DagBag from /opt/airflow/dags/data_ingestion_dag/main.py
[2023-08-01 12:05:58,078] {scheduler_job.py:643} INFO - DAG(s) dict_keys(['booking_ingestion']) retrieved from /opt/airflow/dags/data_ingestion_dag/main.py
[2023-08-01 12:05:58,099] {logging_mixin.py:104} INFO - [2023-08-01 12:05:58,098] {dag.py:1833} INFO - Sync 1 DAGs
[2023-08-01 12:05:58,123] {logging_mixin.py:104} INFO - [2023-08-01 12:05:58,122] {dag.py:2306} INFO - Setting next_dagrun for booking_ingestion to 2023-07-31 12:05:58.121719+00:00
[2023-08-01 12:05:58,193] {scheduler_job.py:190} INFO - Processing /opt/airflow/dags/data_ingestion_dag/main.py took 0.806 seconds
[2023-08-01 12:06:28,701] {scheduler_job.py:182} INFO - Started process (PID=157) to work on /opt/airflow/dags/data_ingestion_dag/main.py
[2023-08-01 12:06:28,702] {scheduler_job.py:633} INFO - Processing file /opt/airflow/dags/data_ingestion_dag/main.py for tasks to queue
[2023-08-01 12:06:28,703] {logging_mixin.py:104} INFO - [2023-08-01 12:06:28,703] {dagbag.py:496} INFO - Filling up the DagBag from /opt/airflow/dags/data_ingestion_dag/main.py
[2023-08-01 12:06:29,286] {scheduler_job.py:643} INFO - DAG(s) dict_keys(['booking_ingestion']) retrieved from /opt/airflow/dags/data_ingestion_dag/main.py
[2023-08-01 12:06:29,322] {logging_mixin.py:104} INFO - [2023-08-01 12:06:29,321] {dag.py:1833} INFO - Sync 1 DAGs
[2023-08-01 12:06:29,346] {logging_mixin.py:104} INFO - [2023-08-01 12:06:29,346] {dag.py:2306} INFO - Setting next_dagrun for booking_ingestion to 2023-07-31 12:06:29.346697+00:00
[2023-08-01 12:06:29,421] {scheduler_job.py:190} INFO - Processing /opt/airflow/dags/data_ingestion_dag/main.py took 0.723 seconds
[2023-08-01 12:06:59,899] {scheduler_job.py:182} INFO - Started process (PID=165) to work on /opt/airflow/dags/data_ingestion_dag/main.py
[2023-08-01 12:06:59,901] {scheduler_job.py:633} INFO - Processing file /opt/airflow/dags/data_ingestion_dag/main.py for tasks to queue
[2023-08-01 12:06:59,903] {logging_mixin.py:104} INFO - [2023-08-01 12:06:59,902] {dagbag.py:496} INFO - Filling up the DagBag from /opt/airflow/dags/data_ingestion_dag/main.py
[2023-08-01 12:07:00,542] {scheduler_job.py:643} INFO - DAG(s) dict_keys(['booking_ingestion']) retrieved from /opt/airflow/dags/data_ingestion_dag/main.py
[2023-08-01 12:07:00,566] {logging_mixin.py:104} INFO - [2023-08-01 12:07:00,565] {dag.py:1833} INFO - Sync 1 DAGs
[2023-08-01 12:07:00,585] {logging_mixin.py:104} INFO - [2023-08-01 12:07:00,585] {dag.py:2306} INFO - Setting next_dagrun for booking_ingestion to 2023-07-31 12:07:00.585016+00:00
[2023-08-01 12:07:00,634] {scheduler_job.py:190} INFO - Processing /opt/airflow/dags/data_ingestion_dag/main.py took 0.744 seconds
[2023-08-01 12:07:31,153] {scheduler_job.py:182} INFO - Started process (PID=173) to work on /opt/airflow/dags/data_ingestion_dag/main.py
[2023-08-01 12:07:31,158] {scheduler_job.py:633} INFO - Processing file /opt/airflow/dags/data_ingestion_dag/main.py for tasks to queue
[2023-08-01 12:07:31,161] {logging_mixin.py:104} INFO - [2023-08-01 12:07:31,161] {dagbag.py:496} INFO - Filling up the DagBag from /opt/airflow/dags/data_ingestion_dag/main.py
[2023-08-01 12:07:31,966] {scheduler_job.py:643} INFO - DAG(s) dict_keys(['booking_ingestion']) retrieved from /opt/airflow/dags/data_ingestion_dag/main.py
[2023-08-01 12:07:31,985] {logging_mixin.py:104} INFO - [2023-08-01 12:07:31,985] {dag.py:1833} INFO - Sync 1 DAGs
[2023-08-01 12:07:32,001] {logging_mixin.py:104} INFO - [2023-08-01 12:07:32,001] {dag.py:2306} INFO - Setting next_dagrun for booking_ingestion to 2023-07-31 12:07:32.000941+00:00
[2023-08-01 12:07:32,068] {scheduler_job.py:190} INFO - Processing /opt/airflow/dags/data_ingestion_dag/main.py took 0.925 seconds
[2023-08-01 12:08:02,598] {scheduler_job.py:182} INFO - Started process (PID=181) to work on /opt/airflow/dags/data_ingestion_dag/main.py
[2023-08-01 12:08:02,603] {scheduler_job.py:633} INFO - Processing file /opt/airflow/dags/data_ingestion_dag/main.py for tasks to queue
[2023-08-01 12:08:02,607] {logging_mixin.py:104} INFO - [2023-08-01 12:08:02,606] {dagbag.py:496} INFO - Filling up the DagBag from /opt/airflow/dags/data_ingestion_dag/main.py
[2023-08-01 12:08:03,214] {scheduler_job.py:643} INFO - DAG(s) dict_keys(['booking_ingestion']) retrieved from /opt/airflow/dags/data_ingestion_dag/main.py
[2023-08-01 12:08:03,247] {logging_mixin.py:104} INFO - [2023-08-01 12:08:03,247] {dag.py:1833} INFO - Sync 1 DAGs
[2023-08-01 12:08:03,271] {logging_mixin.py:104} INFO - [2023-08-01 12:08:03,271] {dag.py:2306} INFO - Setting next_dagrun for booking_ingestion to 2023-07-31 12:08:03.271169+00:00
[2023-08-01 12:08:03,333] {scheduler_job.py:190} INFO - Processing /opt/airflow/dags/data_ingestion_dag/main.py took 0.745 seconds
[2023-08-01 12:08:33,672] {scheduler_job.py:182} INFO - Started process (PID=189) to work on /opt/airflow/dags/data_ingestion_dag/main.py
[2023-08-01 12:08:33,680] {scheduler_job.py:633} INFO - Processing file /opt/airflow/dags/data_ingestion_dag/main.py for tasks to queue
[2023-08-01 12:08:33,687] {logging_mixin.py:104} INFO - [2023-08-01 12:08:33,687] {dagbag.py:496} INFO - Filling up the DagBag from /opt/airflow/dags/data_ingestion_dag/main.py
[2023-08-01 12:08:34,454] {scheduler_job.py:643} INFO - DAG(s) dict_keys(['booking_ingestion']) retrieved from /opt/airflow/dags/data_ingestion_dag/main.py
[2023-08-01 12:08:34,491] {logging_mixin.py:104} INFO - [2023-08-01 12:08:34,491] {dag.py:1833} INFO - Sync 1 DAGs
[2023-08-01 12:08:34,521] {logging_mixin.py:104} INFO - [2023-08-01 12:08:34,521] {dag.py:2306} INFO - Setting next_dagrun for booking_ingestion to 2023-07-31 12:08:34.521491+00:00
[2023-08-01 12:08:34,608] {scheduler_job.py:190} INFO - Processing /opt/airflow/dags/data_ingestion_dag/main.py took 0.951 seconds
[2023-08-01 12:09:04,889] {scheduler_job.py:182} INFO - Started process (PID=197) to work on /opt/airflow/dags/data_ingestion_dag/main.py
[2023-08-01 12:09:04,893] {scheduler_job.py:633} INFO - Processing file /opt/airflow/dags/data_ingestion_dag/main.py for tasks to queue
[2023-08-01 12:09:04,895] {logging_mixin.py:104} INFO - [2023-08-01 12:09:04,895] {dagbag.py:496} INFO - Filling up the DagBag from /opt/airflow/dags/data_ingestion_dag/main.py
[2023-08-01 12:09:05,529] {scheduler_job.py:643} INFO - DAG(s) dict_keys(['booking_ingestion']) retrieved from /opt/airflow/dags/data_ingestion_dag/main.py
[2023-08-01 12:09:05,571] {logging_mixin.py:104} INFO - [2023-08-01 12:09:05,570] {dag.py:1833} INFO - Sync 1 DAGs
[2023-08-01 12:09:05,604] {logging_mixin.py:104} INFO - [2023-08-01 12:09:05,604] {dag.py:2306} INFO - Setting next_dagrun for booking_ingestion to 2023-07-31 12:09:05.604255+00:00
[2023-08-01 12:09:05,691] {scheduler_job.py:190} INFO - Processing /opt/airflow/dags/data_ingestion_dag/main.py took 0.809 seconds
[2023-08-01 12:09:36,014] {scheduler_job.py:182} INFO - Started process (PID=205) to work on /opt/airflow/dags/data_ingestion_dag/main.py
[2023-08-01 12:09:36,021] {scheduler_job.py:633} INFO - Processing file /opt/airflow/dags/data_ingestion_dag/main.py for tasks to queue
[2023-08-01 12:09:36,025] {logging_mixin.py:104} INFO - [2023-08-01 12:09:36,024] {dagbag.py:496} INFO - Filling up the DagBag from /opt/airflow/dags/data_ingestion_dag/main.py
[2023-08-01 12:09:36,688] {scheduler_job.py:643} INFO - DAG(s) dict_keys(['booking_ingestion']) retrieved from /opt/airflow/dags/data_ingestion_dag/main.py
[2023-08-01 12:09:36,713] {logging_mixin.py:104} INFO - [2023-08-01 12:09:36,713] {dag.py:1833} INFO - Sync 1 DAGs
[2023-08-01 12:09:36,730] {logging_mixin.py:104} INFO - [2023-08-01 12:09:36,730] {dag.py:2306} INFO - Setting next_dagrun for booking_ingestion to 2023-07-31 12:09:36.730084+00:00
[2023-08-01 12:09:36,776] {scheduler_job.py:190} INFO - Processing /opt/airflow/dags/data_ingestion_dag/main.py took 0.772 seconds
[2023-08-01 12:10:07,094] {scheduler_job.py:182} INFO - Started process (PID=213) to work on /opt/airflow/dags/data_ingestion_dag/main.py
[2023-08-01 12:10:07,096] {scheduler_job.py:633} INFO - Processing file /opt/airflow/dags/data_ingestion_dag/main.py for tasks to queue
[2023-08-01 12:10:07,099] {logging_mixin.py:104} INFO - [2023-08-01 12:10:07,098] {dagbag.py:496} INFO - Filling up the DagBag from /opt/airflow/dags/data_ingestion_dag/main.py
[2023-08-01 12:10:07,835] {scheduler_job.py:643} INFO - DAG(s) dict_keys(['booking_ingestion']) retrieved from /opt/airflow/dags/data_ingestion_dag/main.py
[2023-08-01 12:10:07,876] {logging_mixin.py:104} INFO - [2023-08-01 12:10:07,875] {dag.py:1833} INFO - Sync 1 DAGs
[2023-08-01 12:10:07,898] {logging_mixin.py:104} INFO - [2023-08-01 12:10:07,897] {dag.py:2306} INFO - Setting next_dagrun for booking_ingestion to 2023-07-31 12:10:07.897825+00:00
[2023-08-01 12:10:08,023] {scheduler_job.py:190} INFO - Processing /opt/airflow/dags/data_ingestion_dag/main.py took 0.938 seconds
[2023-08-01 12:10:38,475] {scheduler_job.py:182} INFO - Started process (PID=221) to work on /opt/airflow/dags/data_ingestion_dag/main.py
[2023-08-01 12:10:38,478] {scheduler_job.py:633} INFO - Processing file /opt/airflow/dags/data_ingestion_dag/main.py for tasks to queue
[2023-08-01 12:10:38,480] {logging_mixin.py:104} INFO - [2023-08-01 12:10:38,480] {dagbag.py:496} INFO - Filling up the DagBag from /opt/airflow/dags/data_ingestion_dag/main.py
[2023-08-01 12:10:39,461] {scheduler_job.py:643} INFO - DAG(s) dict_keys(['booking_ingestion']) retrieved from /opt/airflow/dags/data_ingestion_dag/main.py
[2023-08-01 12:10:39,495] {logging_mixin.py:104} INFO - [2023-08-01 12:10:39,495] {dag.py:1833} INFO - Sync 1 DAGs
[2023-08-01 12:10:39,517] {logging_mixin.py:104} INFO - [2023-08-01 12:10:39,517] {dag.py:2306} INFO - Setting next_dagrun for booking_ingestion to 2023-07-31 12:10:39.517513+00:00
[2023-08-01 12:10:39,581] {scheduler_job.py:190} INFO - Processing /opt/airflow/dags/data_ingestion_dag/main.py took 1.117 seconds
[2023-08-01 12:11:10,035] {scheduler_job.py:182} INFO - Started process (PID=229) to work on /opt/airflow/dags/data_ingestion_dag/main.py
[2023-08-01 12:11:10,041] {scheduler_job.py:633} INFO - Processing file /opt/airflow/dags/data_ingestion_dag/main.py for tasks to queue
[2023-08-01 12:11:10,044] {logging_mixin.py:104} INFO - [2023-08-01 12:11:10,043] {dagbag.py:496} INFO - Filling up the DagBag from /opt/airflow/dags/data_ingestion_dag/main.py
[2023-08-01 12:11:10,915] {scheduler_job.py:643} INFO - DAG(s) dict_keys(['booking_ingestion']) retrieved from /opt/airflow/dags/data_ingestion_dag/main.py
[2023-08-01 12:11:10,942] {logging_mixin.py:104} INFO - [2023-08-01 12:11:10,942] {dag.py:1833} INFO - Sync 1 DAGs
[2023-08-01 12:11:10,962] {logging_mixin.py:104} INFO - [2023-08-01 12:11:10,962] {dag.py:2306} INFO - Setting next_dagrun for booking_ingestion to 2023-07-31 12:11:10.962619+00:00
[2023-08-01 12:11:11,039] {scheduler_job.py:190} INFO - Processing /opt/airflow/dags/data_ingestion_dag/main.py took 1.014 seconds
[2023-08-01 12:11:41,499] {scheduler_job.py:182} INFO - Started process (PID=237) to work on /opt/airflow/dags/data_ingestion_dag/main.py
[2023-08-01 12:11:41,503] {scheduler_job.py:633} INFO - Processing file /opt/airflow/dags/data_ingestion_dag/main.py for tasks to queue
[2023-08-01 12:11:41,504] {logging_mixin.py:104} INFO - [2023-08-01 12:11:41,504] {dagbag.py:496} INFO - Filling up the DagBag from /opt/airflow/dags/data_ingestion_dag/main.py
[2023-08-01 12:11:42,315] {scheduler_job.py:643} INFO - DAG(s) dict_keys(['booking_ingestion']) retrieved from /opt/airflow/dags/data_ingestion_dag/main.py
[2023-08-01 12:11:42,339] {logging_mixin.py:104} INFO - [2023-08-01 12:11:42,339] {dag.py:1833} INFO - Sync 1 DAGs
[2023-08-01 12:11:42,358] {logging_mixin.py:104} INFO - [2023-08-01 12:11:42,357] {dag.py:2306} INFO - Setting next_dagrun for booking_ingestion to 2023-07-31 12:11:42.357843+00:00
[2023-08-01 12:11:42,413] {scheduler_job.py:190} INFO - Processing /opt/airflow/dags/data_ingestion_dag/main.py took 0.920 seconds
[2023-08-01 12:12:12,964] {scheduler_job.py:182} INFO - Started process (PID=245) to work on /opt/airflow/dags/data_ingestion_dag/main.py
[2023-08-01 12:12:12,973] {scheduler_job.py:633} INFO - Processing file /opt/airflow/dags/data_ingestion_dag/main.py for tasks to queue
[2023-08-01 12:12:12,976] {logging_mixin.py:104} INFO - [2023-08-01 12:12:12,975] {dagbag.py:496} INFO - Filling up the DagBag from /opt/airflow/dags/data_ingestion_dag/main.py
[2023-08-01 12:12:14,241] {scheduler_job.py:643} INFO - DAG(s) dict_keys(['booking_ingestion']) retrieved from /opt/airflow/dags/data_ingestion_dag/main.py
[2023-08-01 12:12:14,344] {logging_mixin.py:104} INFO - [2023-08-01 12:12:14,343] {dag.py:1833} INFO - Sync 1 DAGs
[2023-08-01 12:12:14,380] {logging_mixin.py:104} INFO - [2023-08-01 12:12:14,380] {dag.py:2306} INFO - Setting next_dagrun for booking_ingestion to 2023-07-31 12:12:14.380173+00:00
[2023-08-01 12:12:14,448] {scheduler_job.py:190} INFO - Processing /opt/airflow/dags/data_ingestion_dag/main.py took 1.489 seconds
[2023-08-01 12:12:45,067] {scheduler_job.py:182} INFO - Started process (PID=253) to work on /opt/airflow/dags/data_ingestion_dag/main.py
[2023-08-01 12:12:45,071] {scheduler_job.py:633} INFO - Processing file /opt/airflow/dags/data_ingestion_dag/main.py for tasks to queue
[2023-08-01 12:12:45,076] {logging_mixin.py:104} INFO - [2023-08-01 12:12:45,075] {dagbag.py:496} INFO - Filling up the DagBag from /opt/airflow/dags/data_ingestion_dag/main.py
[2023-08-01 12:12:45,856] {scheduler_job.py:643} INFO - DAG(s) dict_keys(['booking_ingestion']) retrieved from /opt/airflow/dags/data_ingestion_dag/main.py
[2023-08-01 12:12:45,903] {logging_mixin.py:104} INFO - [2023-08-01 12:12:45,903] {dag.py:1833} INFO - Sync 1 DAGs
[2023-08-01 12:12:45,939] {logging_mixin.py:104} INFO - [2023-08-01 12:12:45,939] {dag.py:2306} INFO - Setting next_dagrun for booking_ingestion to 2023-07-31 12:12:45.939030+00:00
[2023-08-01 12:12:46,031] {scheduler_job.py:190} INFO - Processing /opt/airflow/dags/data_ingestion_dag/main.py took 0.969 seconds
[2023-08-01 12:13:16,493] {scheduler_job.py:182} INFO - Started process (PID=261) to work on /opt/airflow/dags/data_ingestion_dag/main.py
[2023-08-01 12:13:16,497] {scheduler_job.py:633} INFO - Processing file /opt/airflow/dags/data_ingestion_dag/main.py for tasks to queue
[2023-08-01 12:13:16,503] {logging_mixin.py:104} INFO - [2023-08-01 12:13:16,503] {dagbag.py:496} INFO - Filling up the DagBag from /opt/airflow/dags/data_ingestion_dag/main.py
[2023-08-01 12:13:17,174] {scheduler_job.py:643} INFO - DAG(s) dict_keys(['booking_ingestion']) retrieved from /opt/airflow/dags/data_ingestion_dag/main.py
[2023-08-01 12:13:17,200] {logging_mixin.py:104} INFO - [2023-08-01 12:13:17,199] {dag.py:1833} INFO - Sync 1 DAGs
[2023-08-01 12:13:17,220] {logging_mixin.py:104} INFO - [2023-08-01 12:13:17,220] {dag.py:2306} INFO - Setting next_dagrun for booking_ingestion to 2023-07-31 12:13:17.220068+00:00
[2023-08-01 12:13:17,294] {scheduler_job.py:190} INFO - Processing /opt/airflow/dags/data_ingestion_dag/main.py took 0.806 seconds
[2023-08-01 12:13:47,820] {scheduler_job.py:182} INFO - Started process (PID=269) to work on /opt/airflow/dags/data_ingestion_dag/main.py
[2023-08-01 12:13:47,829] {scheduler_job.py:633} INFO - Processing file /opt/airflow/dags/data_ingestion_dag/main.py for tasks to queue
[2023-08-01 12:13:47,833] {logging_mixin.py:104} INFO - [2023-08-01 12:13:47,833] {dagbag.py:496} INFO - Filling up the DagBag from /opt/airflow/dags/data_ingestion_dag/main.py
[2023-08-01 12:13:48,652] {scheduler_job.py:643} INFO - DAG(s) dict_keys(['booking_ingestion']) retrieved from /opt/airflow/dags/data_ingestion_dag/main.py
[2023-08-01 12:13:48,681] {logging_mixin.py:104} INFO - [2023-08-01 12:13:48,681] {dag.py:1833} INFO - Sync 1 DAGs
[2023-08-01 12:13:48,708] {logging_mixin.py:104} INFO - [2023-08-01 12:13:48,708] {dag.py:2306} INFO - Setting next_dagrun for booking_ingestion to 2023-07-31 12:13:48.708161+00:00
[2023-08-01 12:13:48,788] {scheduler_job.py:190} INFO - Processing /opt/airflow/dags/data_ingestion_dag/main.py took 1.001 seconds
[2023-08-01 12:14:19,344] {scheduler_job.py:182} INFO - Started process (PID=277) to work on /opt/airflow/dags/data_ingestion_dag/main.py
[2023-08-01 12:14:19,347] {scheduler_job.py:633} INFO - Processing file /opt/airflow/dags/data_ingestion_dag/main.py for tasks to queue
[2023-08-01 12:14:19,350] {logging_mixin.py:104} INFO - [2023-08-01 12:14:19,349] {dagbag.py:496} INFO - Filling up the DagBag from /opt/airflow/dags/data_ingestion_dag/main.py
[2023-08-01 12:14:20,068] {scheduler_job.py:643} INFO - DAG(s) dict_keys(['booking_ingestion']) retrieved from /opt/airflow/dags/data_ingestion_dag/main.py
[2023-08-01 12:14:20,095] {logging_mixin.py:104} INFO - [2023-08-01 12:14:20,095] {dag.py:1833} INFO - Sync 1 DAGs
[2023-08-01 12:14:20,113] {logging_mixin.py:104} INFO - [2023-08-01 12:14:20,113] {dag.py:2306} INFO - Setting next_dagrun for booking_ingestion to 2023-07-31 12:14:20.113542+00:00
[2023-08-01 12:14:20,160] {scheduler_job.py:190} INFO - Processing /opt/airflow/dags/data_ingestion_dag/main.py took 0.827 seconds
[2023-08-01 12:14:50,582] {scheduler_job.py:182} INFO - Started process (PID=285) to work on /opt/airflow/dags/data_ingestion_dag/main.py
[2023-08-01 12:14:50,587] {scheduler_job.py:633} INFO - Processing file /opt/airflow/dags/data_ingestion_dag/main.py for tasks to queue
[2023-08-01 12:14:50,591] {logging_mixin.py:104} INFO - [2023-08-01 12:14:50,590] {dagbag.py:496} INFO - Filling up the DagBag from /opt/airflow/dags/data_ingestion_dag/main.py
[2023-08-01 12:14:51,287] {scheduler_job.py:643} INFO - DAG(s) dict_keys(['booking_ingestion']) retrieved from /opt/airflow/dags/data_ingestion_dag/main.py
[2023-08-01 12:14:51,319] {logging_mixin.py:104} INFO - [2023-08-01 12:14:51,319] {dag.py:1833} INFO - Sync 1 DAGs
[2023-08-01 12:14:51,339] {logging_mixin.py:104} INFO - [2023-08-01 12:14:51,339] {dag.py:2306} INFO - Setting next_dagrun for booking_ingestion to 2023-07-31 12:14:51.339317+00:00
[2023-08-01 12:14:51,404] {scheduler_job.py:190} INFO - Processing /opt/airflow/dags/data_ingestion_dag/main.py took 0.834 seconds
[2023-08-01 12:15:21,818] {scheduler_job.py:182} INFO - Started process (PID=293) to work on /opt/airflow/dags/data_ingestion_dag/main.py
[2023-08-01 12:15:21,824] {scheduler_job.py:633} INFO - Processing file /opt/airflow/dags/data_ingestion_dag/main.py for tasks to queue
[2023-08-01 12:15:21,830] {logging_mixin.py:104} INFO - [2023-08-01 12:15:21,830] {dagbag.py:496} INFO - Filling up the DagBag from /opt/airflow/dags/data_ingestion_dag/main.py
[2023-08-01 12:15:22,642] {scheduler_job.py:643} INFO - DAG(s) dict_keys(['booking_ingestion']) retrieved from /opt/airflow/dags/data_ingestion_dag/main.py
[2023-08-01 12:15:22,662] {logging_mixin.py:104} INFO - [2023-08-01 12:15:22,662] {dag.py:1833} INFO - Sync 1 DAGs
[2023-08-01 12:15:22,679] {logging_mixin.py:104} INFO - [2023-08-01 12:15:22,678] {dag.py:2306} INFO - Setting next_dagrun for booking_ingestion to 2023-07-31 12:15:22.678825+00:00
[2023-08-01 12:15:22,750] {scheduler_job.py:190} INFO - Processing /opt/airflow/dags/data_ingestion_dag/main.py took 0.946 seconds
[2023-08-01 12:15:53,233] {scheduler_job.py:182} INFO - Started process (PID=301) to work on /opt/airflow/dags/data_ingestion_dag/main.py
[2023-08-01 12:15:53,237] {scheduler_job.py:633} INFO - Processing file /opt/airflow/dags/data_ingestion_dag/main.py for tasks to queue
[2023-08-01 12:15:53,240] {logging_mixin.py:104} INFO - [2023-08-01 12:15:53,240] {dagbag.py:496} INFO - Filling up the DagBag from /opt/airflow/dags/data_ingestion_dag/main.py
[2023-08-01 12:15:53,946] {scheduler_job.py:643} INFO - DAG(s) dict_keys(['booking_ingestion']) retrieved from /opt/airflow/dags/data_ingestion_dag/main.py
[2023-08-01 12:15:53,970] {logging_mixin.py:104} INFO - [2023-08-01 12:15:53,970] {dag.py:1833} INFO - Sync 1 DAGs
[2023-08-01 12:15:53,994] {logging_mixin.py:104} INFO - [2023-08-01 12:15:53,994] {dag.py:2306} INFO - Setting next_dagrun for booking_ingestion to 2023-07-31 12:15:53.994385+00:00
[2023-08-01 12:15:54,051] {scheduler_job.py:190} INFO - Processing /opt/airflow/dags/data_ingestion_dag/main.py took 0.828 seconds
[2023-08-01 12:16:24,433] {scheduler_job.py:182} INFO - Started process (PID=309) to work on /opt/airflow/dags/data_ingestion_dag/main.py
[2023-08-01 12:16:24,439] {scheduler_job.py:633} INFO - Processing file /opt/airflow/dags/data_ingestion_dag/main.py for tasks to queue
[2023-08-01 12:16:24,442] {logging_mixin.py:104} INFO - [2023-08-01 12:16:24,442] {dagbag.py:496} INFO - Filling up the DagBag from /opt/airflow/dags/data_ingestion_dag/main.py
[2023-08-01 12:16:25,044] {scheduler_job.py:643} INFO - DAG(s) dict_keys(['booking_ingestion']) retrieved from /opt/airflow/dags/data_ingestion_dag/main.py
[2023-08-01 12:16:25,075] {logging_mixin.py:104} INFO - [2023-08-01 12:16:25,075] {dag.py:1833} INFO - Sync 1 DAGs
[2023-08-01 12:16:25,110] {logging_mixin.py:104} INFO - [2023-08-01 12:16:25,110] {dag.py:2306} INFO - Setting next_dagrun for booking_ingestion to 2023-07-31 12:16:25.109806+00:00
[2023-08-01 12:16:25,193] {scheduler_job.py:190} INFO - Processing /opt/airflow/dags/data_ingestion_dag/main.py took 0.769 seconds
[2023-08-01 12:16:55,837] {scheduler_job.py:182} INFO - Started process (PID=317) to work on /opt/airflow/dags/data_ingestion_dag/main.py
[2023-08-01 12:16:55,840] {scheduler_job.py:633} INFO - Processing file /opt/airflow/dags/data_ingestion_dag/main.py for tasks to queue
[2023-08-01 12:16:55,842] {logging_mixin.py:104} INFO - [2023-08-01 12:16:55,842] {dagbag.py:496} INFO - Filling up the DagBag from /opt/airflow/dags/data_ingestion_dag/main.py
[2023-08-01 12:16:56,558] {scheduler_job.py:643} INFO - DAG(s) dict_keys(['booking_ingestion']) retrieved from /opt/airflow/dags/data_ingestion_dag/main.py
[2023-08-01 12:16:56,607] {logging_mixin.py:104} INFO - [2023-08-01 12:16:56,606] {dag.py:1833} INFO - Sync 1 DAGs
[2023-08-01 12:16:56,645] {logging_mixin.py:104} INFO - [2023-08-01 12:16:56,645] {dag.py:2306} INFO - Setting next_dagrun for booking_ingestion to 2023-07-31 12:16:56.644827+00:00
[2023-08-01 12:16:56,718] {scheduler_job.py:190} INFO - Processing /opt/airflow/dags/data_ingestion_dag/main.py took 0.893 seconds
[2023-08-01 12:17:27,084] {scheduler_job.py:182} INFO - Started process (PID=325) to work on /opt/airflow/dags/data_ingestion_dag/main.py
[2023-08-01 12:17:27,089] {scheduler_job.py:633} INFO - Processing file /opt/airflow/dags/data_ingestion_dag/main.py for tasks to queue
[2023-08-01 12:17:27,092] {logging_mixin.py:104} INFO - [2023-08-01 12:17:27,092] {dagbag.py:496} INFO - Filling up the DagBag from /opt/airflow/dags/data_ingestion_dag/main.py
[2023-08-01 12:17:27,770] {scheduler_job.py:643} INFO - DAG(s) dict_keys(['booking_ingestion']) retrieved from /opt/airflow/dags/data_ingestion_dag/main.py
[2023-08-01 12:17:27,800] {logging_mixin.py:104} INFO - [2023-08-01 12:17:27,800] {dag.py:1833} INFO - Sync 1 DAGs
[2023-08-01 12:17:27,823] {logging_mixin.py:104} INFO - [2023-08-01 12:17:27,823] {dag.py:2306} INFO - Setting next_dagrun for booking_ingestion to 2023-07-31 12:17:27.823196+00:00
[2023-08-01 12:17:27,920] {scheduler_job.py:190} INFO - Processing /opt/airflow/dags/data_ingestion_dag/main.py took 0.847 seconds
[2023-08-01 12:17:58,458] {scheduler_job.py:182} INFO - Started process (PID=333) to work on /opt/airflow/dags/data_ingestion_dag/main.py
[2023-08-01 12:17:58,462] {scheduler_job.py:633} INFO - Processing file /opt/airflow/dags/data_ingestion_dag/main.py for tasks to queue
[2023-08-01 12:17:58,463] {logging_mixin.py:104} INFO - [2023-08-01 12:17:58,463] {dagbag.py:496} INFO - Filling up the DagBag from /opt/airflow/dags/data_ingestion_dag/main.py
[2023-08-01 12:17:59,128] {scheduler_job.py:643} INFO - DAG(s) dict_keys(['booking_ingestion']) retrieved from /opt/airflow/dags/data_ingestion_dag/main.py
[2023-08-01 12:17:59,160] {logging_mixin.py:104} INFO - [2023-08-01 12:17:59,159] {dag.py:1833} INFO - Sync 1 DAGs
[2023-08-01 12:17:59,177] {logging_mixin.py:104} INFO - [2023-08-01 12:17:59,176] {dag.py:2306} INFO - Setting next_dagrun for booking_ingestion to 2023-07-31 12:17:59.176794+00:00
[2023-08-01 12:17:59,229] {scheduler_job.py:190} INFO - Processing /opt/airflow/dags/data_ingestion_dag/main.py took 0.791 seconds
[2023-08-01 12:18:29,671] {scheduler_job.py:182} INFO - Started process (PID=341) to work on /opt/airflow/dags/data_ingestion_dag/main.py
[2023-08-01 12:18:29,672] {scheduler_job.py:633} INFO - Processing file /opt/airflow/dags/data_ingestion_dag/main.py for tasks to queue
[2023-08-01 12:18:29,674] {logging_mixin.py:104} INFO - [2023-08-01 12:18:29,674] {dagbag.py:496} INFO - Filling up the DagBag from /opt/airflow/dags/data_ingestion_dag/main.py
[2023-08-01 12:18:30,293] {scheduler_job.py:643} INFO - DAG(s) dict_keys(['booking_ingestion']) retrieved from /opt/airflow/dags/data_ingestion_dag/main.py
[2023-08-01 12:18:30,337] {logging_mixin.py:104} INFO - [2023-08-01 12:18:30,337] {dag.py:1833} INFO - Sync 1 DAGs
[2023-08-01 12:18:30,374] {logging_mixin.py:104} INFO - [2023-08-01 12:18:30,374] {dag.py:2306} INFO - Setting next_dagrun for booking_ingestion to 2023-07-31 12:18:30.373876+00:00
[2023-08-01 12:18:30,466] {scheduler_job.py:190} INFO - Processing /opt/airflow/dags/data_ingestion_dag/main.py took 0.803 seconds
[2023-08-01 12:19:01,063] {scheduler_job.py:182} INFO - Started process (PID=349) to work on /opt/airflow/dags/data_ingestion_dag/main.py
[2023-08-01 12:19:01,067] {scheduler_job.py:633} INFO - Processing file /opt/airflow/dags/data_ingestion_dag/main.py for tasks to queue
[2023-08-01 12:19:01,069] {logging_mixin.py:104} INFO - [2023-08-01 12:19:01,069] {dagbag.py:496} INFO - Filling up the DagBag from /opt/airflow/dags/data_ingestion_dag/main.py
[2023-08-01 12:19:01,658] {scheduler_job.py:643} INFO - DAG(s) dict_keys(['booking_ingestion']) retrieved from /opt/airflow/dags/data_ingestion_dag/main.py
[2023-08-01 12:19:01,687] {logging_mixin.py:104} INFO - [2023-08-01 12:19:01,687] {dag.py:1833} INFO - Sync 1 DAGs
[2023-08-01 12:19:01,711] {logging_mixin.py:104} INFO - [2023-08-01 12:19:01,710] {dag.py:2306} INFO - Setting next_dagrun for booking_ingestion to 2023-07-31 12:19:01.710820+00:00
[2023-08-01 12:19:01,784] {scheduler_job.py:190} INFO - Processing /opt/airflow/dags/data_ingestion_dag/main.py took 0.730 seconds
[2023-08-01 12:19:31,945] {scheduler_job.py:182} INFO - Started process (PID=357) to work on /opt/airflow/dags/data_ingestion_dag/main.py
[2023-08-01 12:19:31,948] {scheduler_job.py:633} INFO - Processing file /opt/airflow/dags/data_ingestion_dag/main.py for tasks to queue
[2023-08-01 12:19:31,950] {logging_mixin.py:104} INFO - [2023-08-01 12:19:31,949] {dagbag.py:496} INFO - Filling up the DagBag from /opt/airflow/dags/data_ingestion_dag/main.py
[2023-08-01 12:19:32,502] {scheduler_job.py:643} INFO - DAG(s) dict_keys(['booking_ingestion']) retrieved from /opt/airflow/dags/data_ingestion_dag/main.py
[2023-08-01 12:19:32,528] {logging_mixin.py:104} INFO - [2023-08-01 12:19:32,528] {dag.py:1833} INFO - Sync 1 DAGs
[2023-08-01 12:19:32,549] {logging_mixin.py:104} INFO - [2023-08-01 12:19:32,549] {dag.py:2306} INFO - Setting next_dagrun for booking_ingestion to 2023-07-31 12:19:32.549018+00:00
[2023-08-01 12:19:32,621] {scheduler_job.py:190} INFO - Processing /opt/airflow/dags/data_ingestion_dag/main.py took 0.682 seconds
[2023-08-01 12:20:03,096] {scheduler_job.py:182} INFO - Started process (PID=365) to work on /opt/airflow/dags/data_ingestion_dag/main.py
[2023-08-01 12:20:03,101] {scheduler_job.py:633} INFO - Processing file /opt/airflow/dags/data_ingestion_dag/main.py for tasks to queue
[2023-08-01 12:20:03,105] {logging_mixin.py:104} INFO - [2023-08-01 12:20:03,104] {dagbag.py:496} INFO - Filling up the DagBag from /opt/airflow/dags/data_ingestion_dag/main.py
[2023-08-01 12:20:03,736] {scheduler_job.py:643} INFO - DAG(s) dict_keys(['booking_ingestion']) retrieved from /opt/airflow/dags/data_ingestion_dag/main.py
[2023-08-01 12:20:03,762] {logging_mixin.py:104} INFO - [2023-08-01 12:20:03,762] {dag.py:1833} INFO - Sync 1 DAGs
[2023-08-01 12:20:03,783] {logging_mixin.py:104} INFO - [2023-08-01 12:20:03,783] {dag.py:2306} INFO - Setting next_dagrun for booking_ingestion to 2023-07-31 12:20:03.783025+00:00
[2023-08-01 12:20:03,835] {scheduler_job.py:190} INFO - Processing /opt/airflow/dags/data_ingestion_dag/main.py took 0.748 seconds
[2023-08-01 12:20:34,326] {scheduler_job.py:182} INFO - Started process (PID=373) to work on /opt/airflow/dags/data_ingestion_dag/main.py
[2023-08-01 12:20:34,332] {scheduler_job.py:633} INFO - Processing file /opt/airflow/dags/data_ingestion_dag/main.py for tasks to queue
[2023-08-01 12:20:34,335] {logging_mixin.py:104} INFO - [2023-08-01 12:20:34,334] {dagbag.py:496} INFO - Filling up the DagBag from /opt/airflow/dags/data_ingestion_dag/main.py
[2023-08-01 12:20:34,966] {scheduler_job.py:643} INFO - DAG(s) dict_keys(['booking_ingestion']) retrieved from /opt/airflow/dags/data_ingestion_dag/main.py
[2023-08-01 12:20:34,987] {logging_mixin.py:104} INFO - [2023-08-01 12:20:34,987] {dag.py:1833} INFO - Sync 1 DAGs
[2023-08-01 12:20:35,002] {logging_mixin.py:104} INFO - [2023-08-01 12:20:35,002] {dag.py:2306} INFO - Setting next_dagrun for booking_ingestion to 2023-07-31 12:20:35.002664+00:00
[2023-08-01 12:20:35,062] {scheduler_job.py:190} INFO - Processing /opt/airflow/dags/data_ingestion_dag/main.py took 0.750 seconds
[2023-08-01 12:21:05,341] {scheduler_job.py:182} INFO - Started process (PID=381) to work on /opt/airflow/dags/data_ingestion_dag/main.py
[2023-08-01 12:21:05,344] {scheduler_job.py:633} INFO - Processing file /opt/airflow/dags/data_ingestion_dag/main.py for tasks to queue
[2023-08-01 12:21:05,345] {logging_mixin.py:104} INFO - [2023-08-01 12:21:05,345] {dagbag.py:496} INFO - Filling up the DagBag from /opt/airflow/dags/data_ingestion_dag/main.py
[2023-08-01 12:21:06,247] {scheduler_job.py:643} INFO - DAG(s) dict_keys(['booking_ingestion']) retrieved from /opt/airflow/dags/data_ingestion_dag/main.py
[2023-08-01 12:21:06,270] {logging_mixin.py:104} INFO - [2023-08-01 12:21:06,269] {dag.py:1833} INFO - Sync 1 DAGs
[2023-08-01 12:21:06,289] {logging_mixin.py:104} INFO - [2023-08-01 12:21:06,289] {dag.py:2306} INFO - Setting next_dagrun for booking_ingestion to 2023-07-31 12:21:06.288915+00:00
[2023-08-01 12:21:06,347] {scheduler_job.py:190} INFO - Processing /opt/airflow/dags/data_ingestion_dag/main.py took 1.013 seconds
[2023-08-01 12:21:36,954] {scheduler_job.py:182} INFO - Started process (PID=389) to work on /opt/airflow/dags/data_ingestion_dag/main.py
[2023-08-01 12:21:36,959] {scheduler_job.py:633} INFO - Processing file /opt/airflow/dags/data_ingestion_dag/main.py for tasks to queue
[2023-08-01 12:21:36,964] {logging_mixin.py:104} INFO - [2023-08-01 12:21:36,964] {dagbag.py:496} INFO - Filling up the DagBag from /opt/airflow/dags/data_ingestion_dag/main.py
[2023-08-01 12:21:37,675] {scheduler_job.py:643} INFO - DAG(s) dict_keys(['booking_ingestion']) retrieved from /opt/airflow/dags/data_ingestion_dag/main.py
[2023-08-01 12:21:37,701] {logging_mixin.py:104} INFO - [2023-08-01 12:21:37,701] {dag.py:1833} INFO - Sync 1 DAGs
[2023-08-01 12:21:37,720] {logging_mixin.py:104} INFO - [2023-08-01 12:21:37,720] {dag.py:2306} INFO - Setting next_dagrun for booking_ingestion to 2023-07-31 12:21:37.720257+00:00
[2023-08-01 12:21:37,776] {scheduler_job.py:190} INFO - Processing /opt/airflow/dags/data_ingestion_dag/main.py took 0.832 seconds
[2023-08-01 12:22:08,202] {scheduler_job.py:182} INFO - Started process (PID=397) to work on /opt/airflow/dags/data_ingestion_dag/main.py
[2023-08-01 12:22:08,210] {scheduler_job.py:633} INFO - Processing file /opt/airflow/dags/data_ingestion_dag/main.py for tasks to queue
[2023-08-01 12:22:08,213] {logging_mixin.py:104} INFO - [2023-08-01 12:22:08,213] {dagbag.py:496} INFO - Filling up the DagBag from /opt/airflow/dags/data_ingestion_dag/main.py
[2023-08-01 12:22:09,004] {scheduler_job.py:643} INFO - DAG(s) dict_keys(['booking_ingestion']) retrieved from /opt/airflow/dags/data_ingestion_dag/main.py
[2023-08-01 12:22:09,044] {logging_mixin.py:104} INFO - [2023-08-01 12:22:09,044] {dag.py:1833} INFO - Sync 1 DAGs
[2023-08-01 12:22:09,078] {logging_mixin.py:104} INFO - [2023-08-01 12:22:09,078] {dag.py:2306} INFO - Setting next_dagrun for booking_ingestion to 2023-07-31 12:22:09.078512+00:00
[2023-08-01 12:22:09,166] {scheduler_job.py:190} INFO - Processing /opt/airflow/dags/data_ingestion_dag/main.py took 0.971 seconds
[2023-08-01 12:22:39,704] {scheduler_job.py:182} INFO - Started process (PID=405) to work on /opt/airflow/dags/data_ingestion_dag/main.py
[2023-08-01 12:22:39,709] {scheduler_job.py:633} INFO - Processing file /opt/airflow/dags/data_ingestion_dag/main.py for tasks to queue
[2023-08-01 12:22:39,711] {logging_mixin.py:104} INFO - [2023-08-01 12:22:39,711] {dagbag.py:496} INFO - Filling up the DagBag from /opt/airflow/dags/data_ingestion_dag/main.py
[2023-08-01 12:22:40,417] {scheduler_job.py:643} INFO - DAG(s) dict_keys(['booking_ingestion']) retrieved from /opt/airflow/dags/data_ingestion_dag/main.py
[2023-08-01 12:22:40,456] {logging_mixin.py:104} INFO - [2023-08-01 12:22:40,455] {dag.py:1833} INFO - Sync 1 DAGs
[2023-08-01 12:22:40,474] {logging_mixin.py:104} INFO - [2023-08-01 12:22:40,473] {dag.py:2306} INFO - Setting next_dagrun for booking_ingestion to 2023-07-31 12:22:40.473849+00:00
[2023-08-01 12:22:40,514] {scheduler_job.py:190} INFO - Processing /opt/airflow/dags/data_ingestion_dag/main.py took 0.819 seconds
[2023-08-01 12:23:10,928] {scheduler_job.py:182} INFO - Started process (PID=413) to work on /opt/airflow/dags/data_ingestion_dag/main.py
[2023-08-01 12:23:10,934] {scheduler_job.py:633} INFO - Processing file /opt/airflow/dags/data_ingestion_dag/main.py for tasks to queue
[2023-08-01 12:23:10,937] {logging_mixin.py:104} INFO - [2023-08-01 12:23:10,937] {dagbag.py:496} INFO - Filling up the DagBag from /opt/airflow/dags/data_ingestion_dag/main.py
[2023-08-01 12:23:11,635] {scheduler_job.py:643} INFO - DAG(s) dict_keys(['booking_ingestion']) retrieved from /opt/airflow/dags/data_ingestion_dag/main.py
[2023-08-01 12:23:11,662] {logging_mixin.py:104} INFO - [2023-08-01 12:23:11,662] {dag.py:1833} INFO - Sync 1 DAGs
[2023-08-01 12:23:11,695] {logging_mixin.py:104} INFO - [2023-08-01 12:23:11,695] {dag.py:2306} INFO - Setting next_dagrun for booking_ingestion to 2023-07-31 12:23:11.695434+00:00
[2023-08-01 12:23:11,776] {scheduler_job.py:190} INFO - Processing /opt/airflow/dags/data_ingestion_dag/main.py took 0.858 seconds
[2023-08-01 12:23:42,343] {scheduler_job.py:182} INFO - Started process (PID=421) to work on /opt/airflow/dags/data_ingestion_dag/main.py
[2023-08-01 12:23:42,349] {scheduler_job.py:633} INFO - Processing file /opt/airflow/dags/data_ingestion_dag/main.py for tasks to queue
[2023-08-01 12:23:42,353] {logging_mixin.py:104} INFO - [2023-08-01 12:23:42,353] {dagbag.py:496} INFO - Filling up the DagBag from /opt/airflow/dags/data_ingestion_dag/main.py
[2023-08-01 12:23:42,994] {scheduler_job.py:643} INFO - DAG(s) dict_keys(['booking_ingestion']) retrieved from /opt/airflow/dags/data_ingestion_dag/main.py
[2023-08-01 12:23:43,019] {logging_mixin.py:104} INFO - [2023-08-01 12:23:43,019] {dag.py:1833} INFO - Sync 1 DAGs
[2023-08-01 12:23:43,037] {logging_mixin.py:104} INFO - [2023-08-01 12:23:43,037] {dag.py:2306} INFO - Setting next_dagrun for booking_ingestion to 2023-07-31 12:23:43.037689+00:00
[2023-08-01 12:23:43,115] {scheduler_job.py:190} INFO - Processing /opt/airflow/dags/data_ingestion_dag/main.py took 0.787 seconds
[2023-08-01 12:24:13,679] {scheduler_job.py:182} INFO - Started process (PID=429) to work on /opt/airflow/dags/data_ingestion_dag/main.py
[2023-08-01 12:24:13,682] {scheduler_job.py:633} INFO - Processing file /opt/airflow/dags/data_ingestion_dag/main.py for tasks to queue
[2023-08-01 12:24:13,684] {logging_mixin.py:104} INFO - [2023-08-01 12:24:13,684] {dagbag.py:496} INFO - Filling up the DagBag from /opt/airflow/dags/data_ingestion_dag/main.py
[2023-08-01 12:24:14,350] {scheduler_job.py:643} INFO - DAG(s) dict_keys(['booking_ingestion']) retrieved from /opt/airflow/dags/data_ingestion_dag/main.py
[2023-08-01 12:24:14,387] {logging_mixin.py:104} INFO - [2023-08-01 12:24:14,387] {dag.py:1833} INFO - Sync 1 DAGs
[2023-08-01 12:24:14,409] {logging_mixin.py:104} INFO - [2023-08-01 12:24:14,409] {dag.py:2306} INFO - Setting next_dagrun for booking_ingestion to 2023-07-31 12:24:14.409369+00:00
[2023-08-01 12:24:14,471] {scheduler_job.py:190} INFO - Processing /opt/airflow/dags/data_ingestion_dag/main.py took 0.798 seconds
[2023-08-01 12:24:45,139] {scheduler_job.py:182} INFO - Started process (PID=437) to work on /opt/airflow/dags/data_ingestion_dag/main.py
[2023-08-01 12:24:45,144] {scheduler_job.py:633} INFO - Processing file /opt/airflow/dags/data_ingestion_dag/main.py for tasks to queue
[2023-08-01 12:24:45,146] {logging_mixin.py:104} INFO - [2023-08-01 12:24:45,146] {dagbag.py:496} INFO - Filling up the DagBag from /opt/airflow/dags/data_ingestion_dag/main.py
[2023-08-01 12:24:45,772] {scheduler_job.py:643} INFO - DAG(s) dict_keys(['booking_ingestion']) retrieved from /opt/airflow/dags/data_ingestion_dag/main.py
[2023-08-01 12:24:45,793] {logging_mixin.py:104} INFO - [2023-08-01 12:24:45,793] {dag.py:1833} INFO - Sync 1 DAGs
[2023-08-01 12:24:45,810] {logging_mixin.py:104} INFO - [2023-08-01 12:24:45,810] {dag.py:2306} INFO - Setting next_dagrun for booking_ingestion to 2023-07-31 12:24:45.810310+00:00
[2023-08-01 12:24:45,852] {scheduler_job.py:190} INFO - Processing /opt/airflow/dags/data_ingestion_dag/main.py took 0.722 seconds
[2023-08-01 12:25:16,104] {scheduler_job.py:182} INFO - Started process (PID=445) to work on /opt/airflow/dags/data_ingestion_dag/main.py
[2023-08-01 12:25:16,106] {scheduler_job.py:633} INFO - Processing file /opt/airflow/dags/data_ingestion_dag/main.py for tasks to queue
[2023-08-01 12:25:16,108] {logging_mixin.py:104} INFO - [2023-08-01 12:25:16,107] {dagbag.py:496} INFO - Filling up the DagBag from /opt/airflow/dags/data_ingestion_dag/main.py
[2023-08-01 12:25:16,684] {scheduler_job.py:643} INFO - DAG(s) dict_keys(['booking_ingestion']) retrieved from /opt/airflow/dags/data_ingestion_dag/main.py
[2023-08-01 12:25:16,719] {logging_mixin.py:104} INFO - [2023-08-01 12:25:16,718] {dag.py:1833} INFO - Sync 1 DAGs
[2023-08-01 12:25:16,739] {logging_mixin.py:104} INFO - [2023-08-01 12:25:16,739] {dag.py:2306} INFO - Setting next_dagrun for booking_ingestion to 2023-07-31 12:25:16.739002+00:00
[2023-08-01 12:25:16,793] {scheduler_job.py:190} INFO - Processing /opt/airflow/dags/data_ingestion_dag/main.py took 0.695 seconds
[2023-08-01 12:25:47,649] {scheduler_job.py:182} INFO - Started process (PID=453) to work on /opt/airflow/dags/data_ingestion_dag/main.py
[2023-08-01 12:25:47,656] {scheduler_job.py:633} INFO - Processing file /opt/airflow/dags/data_ingestion_dag/main.py for tasks to queue
[2023-08-01 12:25:47,660] {logging_mixin.py:104} INFO - [2023-08-01 12:25:47,660] {dagbag.py:496} INFO - Filling up the DagBag from /opt/airflow/dags/data_ingestion_dag/main.py
[2023-08-01 12:25:48,451] {scheduler_job.py:643} INFO - DAG(s) dict_keys(['booking_ingestion']) retrieved from /opt/airflow/dags/data_ingestion_dag/main.py
[2023-08-01 12:25:48,489] {logging_mixin.py:104} INFO - [2023-08-01 12:25:48,489] {dag.py:1833} INFO - Sync 1 DAGs
[2023-08-01 12:25:48,510] {logging_mixin.py:104} INFO - [2023-08-01 12:25:48,510] {dag.py:2306} INFO - Setting next_dagrun for booking_ingestion to 2023-07-31 12:25:48.510700+00:00
[2023-08-01 12:25:48,582] {scheduler_job.py:190} INFO - Processing /opt/airflow/dags/data_ingestion_dag/main.py took 0.943 seconds
[2023-08-01 12:26:19,121] {scheduler_job.py:182} INFO - Started process (PID=461) to work on /opt/airflow/dags/data_ingestion_dag/main.py
[2023-08-01 12:26:19,128] {scheduler_job.py:633} INFO - Processing file /opt/airflow/dags/data_ingestion_dag/main.py for tasks to queue
[2023-08-01 12:26:19,132] {logging_mixin.py:104} INFO - [2023-08-01 12:26:19,131] {dagbag.py:496} INFO - Filling up the DagBag from /opt/airflow/dags/data_ingestion_dag/main.py
[2023-08-01 12:26:19,747] {scheduler_job.py:643} INFO - DAG(s) dict_keys(['booking_ingestion']) retrieved from /opt/airflow/dags/data_ingestion_dag/main.py
[2023-08-01 12:26:19,787] {logging_mixin.py:104} INFO - [2023-08-01 12:26:19,787] {dag.py:1833} INFO - Sync 1 DAGs
[2023-08-01 12:26:19,821] {logging_mixin.py:104} INFO - [2023-08-01 12:26:19,820] {dag.py:2306} INFO - Setting next_dagrun for booking_ingestion to 2023-07-31 12:26:19.820641+00:00
[2023-08-01 12:26:19,907] {scheduler_job.py:190} INFO - Processing /opt/airflow/dags/data_ingestion_dag/main.py took 0.801 seconds
[2023-08-01 12:26:50,340] {scheduler_job.py:182} INFO - Started process (PID=469) to work on /opt/airflow/dags/data_ingestion_dag/main.py
[2023-08-01 12:26:50,343] {scheduler_job.py:633} INFO - Processing file /opt/airflow/dags/data_ingestion_dag/main.py for tasks to queue
[2023-08-01 12:26:50,345] {logging_mixin.py:104} INFO - [2023-08-01 12:26:50,345] {dagbag.py:496} INFO - Filling up the DagBag from /opt/airflow/dags/data_ingestion_dag/main.py
[2023-08-01 12:26:50,948] {scheduler_job.py:643} INFO - DAG(s) dict_keys(['booking_ingestion']) retrieved from /opt/airflow/dags/data_ingestion_dag/main.py
[2023-08-01 12:26:50,981] {logging_mixin.py:104} INFO - [2023-08-01 12:26:50,981] {dag.py:1833} INFO - Sync 1 DAGs
[2023-08-01 12:26:51,013] {logging_mixin.py:104} INFO - [2023-08-01 12:26:51,012] {dag.py:2306} INFO - Setting next_dagrun for booking_ingestion to 2023-07-31 12:26:51.012706+00:00
[2023-08-01 12:26:51,101] {scheduler_job.py:190} INFO - Processing /opt/airflow/dags/data_ingestion_dag/main.py took 0.766 seconds
[2023-08-01 12:27:21,573] {scheduler_job.py:182} INFO - Started process (PID=477) to work on /opt/airflow/dags/data_ingestion_dag/main.py
[2023-08-01 12:27:21,574] {scheduler_job.py:633} INFO - Processing file /opt/airflow/dags/data_ingestion_dag/main.py for tasks to queue
[2023-08-01 12:27:21,576] {logging_mixin.py:104} INFO - [2023-08-01 12:27:21,575] {dagbag.py:496} INFO - Filling up the DagBag from /opt/airflow/dags/data_ingestion_dag/main.py
[2023-08-01 12:27:22,192] {scheduler_job.py:643} INFO - DAG(s) dict_keys(['booking_ingestion']) retrieved from /opt/airflow/dags/data_ingestion_dag/main.py
[2023-08-01 12:27:22,211] {logging_mixin.py:104} INFO - [2023-08-01 12:27:22,211] {dag.py:1833} INFO - Sync 1 DAGs
[2023-08-01 12:27:22,226] {logging_mixin.py:104} INFO - [2023-08-01 12:27:22,226] {dag.py:2306} INFO - Setting next_dagrun for booking_ingestion to 2023-07-31 12:27:22.226722+00:00
[2023-08-01 12:27:22,267] {scheduler_job.py:190} INFO - Processing /opt/airflow/dags/data_ingestion_dag/main.py took 0.697 seconds
[2023-08-01 12:27:52,719] {scheduler_job.py:182} INFO - Started process (PID=485) to work on /opt/airflow/dags/data_ingestion_dag/main.py
[2023-08-01 12:27:52,722] {scheduler_job.py:633} INFO - Processing file /opt/airflow/dags/data_ingestion_dag/main.py for tasks to queue
[2023-08-01 12:27:52,725] {logging_mixin.py:104} INFO - [2023-08-01 12:27:52,724] {dagbag.py:496} INFO - Filling up the DagBag from /opt/airflow/dags/data_ingestion_dag/main.py
[2023-08-01 12:27:53,420] {scheduler_job.py:643} INFO - DAG(s) dict_keys(['booking_ingestion']) retrieved from /opt/airflow/dags/data_ingestion_dag/main.py
[2023-08-01 12:27:53,459] {logging_mixin.py:104} INFO - [2023-08-01 12:27:53,459] {dag.py:1833} INFO - Sync 1 DAGs
[2023-08-01 12:27:53,481] {logging_mixin.py:104} INFO - [2023-08-01 12:27:53,480] {dag.py:2306} INFO - Setting next_dagrun for booking_ingestion to 2023-07-31 12:27:53.480599+00:00
[2023-08-01 12:27:53,609] {scheduler_job.py:190} INFO - Processing /opt/airflow/dags/data_ingestion_dag/main.py took 0.894 seconds
[2023-08-01 12:28:23,996] {scheduler_job.py:182} INFO - Started process (PID=493) to work on /opt/airflow/dags/data_ingestion_dag/main.py
[2023-08-01 12:28:23,998] {scheduler_job.py:633} INFO - Processing file /opt/airflow/dags/data_ingestion_dag/main.py for tasks to queue
[2023-08-01 12:28:23,999] {logging_mixin.py:104} INFO - [2023-08-01 12:28:23,999] {dagbag.py:496} INFO - Filling up the DagBag from /opt/airflow/dags/data_ingestion_dag/main.py
[2023-08-01 12:28:24,730] {scheduler_job.py:643} INFO - DAG(s) dict_keys(['booking_ingestion']) retrieved from /opt/airflow/dags/data_ingestion_dag/main.py
[2023-08-01 12:28:24,753] {logging_mixin.py:104} INFO - [2023-08-01 12:28:24,752] {dag.py:1833} INFO - Sync 1 DAGs
[2023-08-01 12:28:24,769] {logging_mixin.py:104} INFO - [2023-08-01 12:28:24,769] {dag.py:2306} INFO - Setting next_dagrun for booking_ingestion to 2023-07-31 12:28:24.769610+00:00
[2023-08-01 12:28:24,863] {scheduler_job.py:190} INFO - Processing /opt/airflow/dags/data_ingestion_dag/main.py took 0.870 seconds
[2023-08-01 12:28:55,015] {scheduler_job.py:182} INFO - Started process (PID=501) to work on /opt/airflow/dags/data_ingestion_dag/main.py
[2023-08-01 12:28:55,017] {scheduler_job.py:633} INFO - Processing file /opt/airflow/dags/data_ingestion_dag/main.py for tasks to queue
[2023-08-01 12:28:55,018] {logging_mixin.py:104} INFO - [2023-08-01 12:28:55,018] {dagbag.py:496} INFO - Filling up the DagBag from /opt/airflow/dags/data_ingestion_dag/main.py
[2023-08-01 12:28:55,545] {scheduler_job.py:643} INFO - DAG(s) dict_keys(['booking_ingestion']) retrieved from /opt/airflow/dags/data_ingestion_dag/main.py
[2023-08-01 12:28:55,568] {logging_mixin.py:104} INFO - [2023-08-01 12:28:55,568] {dag.py:1833} INFO - Sync 1 DAGs
[2023-08-01 12:28:55,586] {logging_mixin.py:104} INFO - [2023-08-01 12:28:55,586] {dag.py:2306} INFO - Setting next_dagrun for booking_ingestion to 2023-07-31 12:28:55.586384+00:00
[2023-08-01 12:28:55,662] {scheduler_job.py:190} INFO - Processing /opt/airflow/dags/data_ingestion_dag/main.py took 0.652 seconds
[2023-08-01 12:29:26,091] {scheduler_job.py:182} INFO - Started process (PID=509) to work on /opt/airflow/dags/data_ingestion_dag/main.py
[2023-08-01 12:29:26,093] {scheduler_job.py:633} INFO - Processing file /opt/airflow/dags/data_ingestion_dag/main.py for tasks to queue
[2023-08-01 12:29:26,094] {logging_mixin.py:104} INFO - [2023-08-01 12:29:26,094] {dagbag.py:496} INFO - Filling up the DagBag from /opt/airflow/dags/data_ingestion_dag/main.py
[2023-08-01 12:29:26,729] {scheduler_job.py:643} INFO - DAG(s) dict_keys(['booking_ingestion']) retrieved from /opt/airflow/dags/data_ingestion_dag/main.py
[2023-08-01 12:29:26,752] {logging_mixin.py:104} INFO - [2023-08-01 12:29:26,752] {dag.py:1833} INFO - Sync 1 DAGs
[2023-08-01 12:29:26,772] {logging_mixin.py:104} INFO - [2023-08-01 12:29:26,772] {dag.py:2306} INFO - Setting next_dagrun for booking_ingestion to 2023-07-31 12:29:26.772063+00:00
[2023-08-01 12:29:26,844] {scheduler_job.py:190} INFO - Processing /opt/airflow/dags/data_ingestion_dag/main.py took 0.756 seconds
